<?xml version="1.0" encoding="UTF-8"?>
<!-- Generated by org.testng.reporters.JUnitReportReporter -->
<testsuite skipped="0" hostname="DESKTOP-65RRAID" name="test.AddAccountTest" tests="1" failures="0" timestamp="2021-03-18T12:52:36 EDT" time="9.990" errors="0">
  <testcase name="usershouldabletoaddcustomer" time="9.990" classname="test.AddAccountTest"/>
  <system-out/>
</testsuite> <!-- test.AddAccountTest -->
